<?xml version="1.0" encoding="UTF-8"?>
<!-- Generated by org.testng.reporters.JUnitXMLReporter -->
<testsuite ignored="0" hostname="DESKTOP-RevatiQA" failures="0" tests="5" name="Test" time="0.053" errors="0" timestamp="2025-03-24T17:53:32 IST">
  <testcase classname="Session_44.grouping" name="signin" time="0.006"/>
  <testcase classname="Session_44.grouping" name="name" time="0.001"/>
  <testcase classname="Session_44.grouping" name="login" time="0.001"/>
  <testcase classname="Session_44.grouping" name="logout" time="0.001"/>
  <testcase classname="Session_44.dependencies" name="number" time="0.001"/>
</testsuite> <!-- Test -->
